2025-12-12 18:57:56,961 - INFO - Starting pipeline for https://www.youtube.com/watch?v=huywVCJvqn4 (type=youtube)
2025-12-12 18:57:56,963 - INFO - Step 1/6: Fetching video...
2025-12-12 18:57:57,243 - ERROR - Pipeline failed: HTTP Error 400: Bad Request
2025-12-12 18:58:07,470 - INFO - Starting pipeline for https://www.youtube.com/watch?v=huywVCJvqn4 (type=http)
2025-12-12 18:58:07,471 - INFO - Step 1/6: Fetching video...
2025-12-12 18:58:09,403 - INFO - Video acquired: data\videos\watch.mp4
2025-12-12 18:58:09,404 - INFO - Step 2/6: Detecting scene changes and interactions...
2025-12-12 18:58:12,387 - WARNING - No scene changes detected. Using lower threshold.
2025-12-12 18:58:12,801 - INFO - Detected 0 scene changes
2025-12-12 18:58:12,802 - INFO - Step 3/6: Transcribing audio...
2025-12-12 18:59:14,889 - WARNING - No audio segments transcribed
2025-12-12 18:59:14,890 - INFO - Transcribed 0 audio segments
2025-12-12 18:59:14,890 - INFO - Step 4/6: Generating subtitles...
2025-12-12 18:59:14,891 - INFO - Step 5/6: Burning captions into video...
2025-12-12 18:59:14,898 - ERROR - Pipeline failed: [WinError 2] The system cannot find the file specified
2025-12-12 19:03:55,650 - INFO - Starting pipeline for https://www.youtube.com/watch?v=huywVCJvqn4 (type=http)
2025-12-12 19:03:55,652 - INFO - Step 1/6: Fetching video...
2025-12-12 19:03:57,038 - INFO - Video acquired: data\videos\watch.mp4
2025-12-12 19:03:57,038 - INFO - Step 2/6: Detecting scene changes and interactions...
2025-12-12 19:04:01,160 - WARNING - No scene changes detected. Using lower threshold.
2025-12-12 19:04:01,496 - INFO - Detected 0 scene changes
2025-12-12 19:04:01,497 - INFO - Step 3/6: Transcribing audio...
2025-12-12 19:04:07,911 - WARNING - No audio segments transcribed
2025-12-12 19:04:07,911 - INFO - Transcribed 0 audio segments
2025-12-12 19:04:07,911 - INFO - Step 4/6: Generating subtitles...
2025-12-12 19:04:07,912 - INFO - Step 5/6: Burning captions into video...
2025-12-12 19:04:08,145 - ERROR - Pipeline failed: Command '['ffmpeg', '-y', '-i', 'data\\videos\\watch.mp4', '-vf', 'subtitles=data\\transcripts\\watch.srt', '-c:a', 'copy', 'data\\captioned\\watch_captioned.mp4']' returned non-zero exit status 3199971767.
2025-12-12 19:06:20,764 - INFO - Starting pipeline for https://www.youtube.com/watch?v=huywVCJvqn4 (type=youtube)
2025-12-12 19:06:20,765 - INFO - Step 1/6: Fetching video...
2025-12-12 19:06:20,976 - ERROR - Pipeline failed: HTTP Error 400: Bad Request
2025-12-12 19:07:08,000 - INFO - Starting pipeline for https://youtu.be/huywVCJvqn4 (type=youtube)
2025-12-12 19:07:08,001 - INFO - Step 1/6: Fetching video...
2025-12-12 19:07:08,002 - INFO - Auto-detected YouTube URL
2025-12-12 19:07:08,232 - ERROR - Pipeline failed: HTTP Error 400: Bad Request
2025-12-12 19:09:17,636 - INFO - Starting pipeline for https://youtu.be/huywVCJvqn4 (type=http)
2025-12-12 19:09:17,637 - INFO - Step 1/6: Fetching video...
2025-12-12 19:09:17,637 - INFO - Auto-detected YouTube URL
2025-12-12 19:09:17,817 - ERROR - Pipeline failed: HTTP Error 400: Bad Request
2025-12-12 19:13:33,402 - INFO - Starting pipeline for C:/Users/Dell/Downloads/W&W - OIIA OIIA (Spinning Cat) - W&W.mp3 (type=local)
2025-12-12 19:13:33,403 - INFO - Step 1/6: Fetching video...
2025-12-12 19:13:33,405 - INFO - Video acquired: C:\Users\Dell\Downloads\W&W - OIIA OIIA (Spinning Cat) - W&W.mp3
2025-12-12 19:13:33,536 - INFO - Step 2/6: Detecting scene changes and interactions...
2025-12-12 19:18:00,791 - INFO - Starting pipeline for C:/Users/Dell/Downloads/W&W - OIIA OIIA (Spinning Cat) - W&W (720p, h264).mp4 (type=local)
2025-12-12 19:18:00,792 - INFO - Step 1/6: Fetching video...
2025-12-12 19:18:00,796 - INFO - Video acquired: C:\Users\Dell\Downloads\W&W - OIIA OIIA (Spinning Cat) - W&W (720p, h264).mp4
2025-12-12 19:18:01,757 - ERROR - Pipeline failed: Corrupted video file. Try re-downloading: C:\Users\Dell\Downloads\W&W - OIIA OIIA (Spinning Cat) - W&W (720p, h264).mp4
2025-12-12 19:19:36,093 - INFO - Starting pipeline for C:/Users/Dell/Downloads/W&W - OIIA OIIA (Spinning Cat) - W&W (720p, h264).mp4 (type=local)
2025-12-12 19:19:36,094 - INFO - Step 1/6: Fetching video...
2025-12-12 19:19:36,098 - INFO - Video acquired: C:\Users\Dell\Downloads\W&W - OIIA OIIA (Spinning Cat) - W&W (720p, h264).mp4
2025-12-12 19:19:36,099 - ERROR - Pipeline failed: Video file is too small (0 bytes). File may be corrupted.
2025-12-12 19:19:44,952 - INFO - Starting pipeline for C:/Users/Dell/Downloads/W&W - OIIA OIIA (Spinning Cat) - W&W (720p, h264).mp4 (type=local)
2025-12-12 19:19:44,952 - INFO - Step 1/6: Fetching video...
2025-12-12 19:19:44,955 - INFO - Video acquired: C:\Users\Dell\Downloads\W&W - OIIA OIIA (Spinning Cat) - W&W (720p, h264).mp4
2025-12-12 19:19:44,956 - ERROR - Pipeline failed: Video file is too small (0 bytes). File may be corrupted.
2025-12-12 19:24:02,607 - INFO - Starting pipeline for C:/Users/Dell/Downloads/Weekly Meeting Example - WakeUpNYCTV (360p, h264).mp4 (type=local)
2025-12-12 19:24:02,608 - INFO - Step 1/6: Fetching video...
2025-12-12 19:24:02,611 - INFO - Video acquired: C:\Users\Dell\Downloads\Weekly Meeting Example - WakeUpNYCTV (360p, h264).mp4
2025-12-12 19:24:02,612 - ERROR - Pipeline failed: Video file is too small (0 bytes). File may be corrupted.
2025-12-12 19:26:17,854 - INFO - Starting pipeline for C:/Users/Dell/Downloads/Weekly Meeting Example - WakeUpNYCTV (360p, h264).mp4 (type=local)
2025-12-12 19:26:17,856 - INFO - Step 1/6: Fetching video...
2025-12-12 19:26:17,859 - INFO - Video acquired: C:\Users\Dell\Downloads\Weekly Meeting Example - WakeUpNYCTV (360p, h264).mp4
2025-12-12 19:26:17,860 - ERROR - Pipeline failed: Video file is too small (0 bytes). File may be corrupted.
2025-12-12 19:26:35,284 - INFO - Starting pipeline for C:/Users/Dell/Downloads/Weekly Meeting Example - WakeUpNYCTV (360p, h264).mp4 (type=local)
2025-12-12 19:26:35,284 - INFO - Step 1/6: Fetching video...
2025-12-12 19:26:35,287 - INFO - Video acquired: C:\Users\Dell\Downloads\Weekly Meeting Example - WakeUpNYCTV (360p, h264).mp4
2025-12-12 19:26:35,288 - ERROR - Pipeline failed: Video file is too small (0 bytes). File may be corrupted.
2025-12-12 19:30:24,523 - INFO - Starting pipeline for C:/Users/Dell/Downloads/Weekly Meeting Example - WakeUpNYCTV (360p, h264).mp4 (type=local)
2025-12-12 19:30:24,524 - INFO - Step 1/6: Fetching video...
2025-12-12 19:30:24,527 - INFO - Video acquired: C:\Users\Dell\Downloads\Weekly Meeting Example - WakeUpNYCTV (360p, h264).mp4
2025-12-12 19:30:24,528 - ERROR - Pipeline failed: Video file is too small (0 bytes). File may be corrupted.
2025-12-12 19:31:24,237 - INFO - Starting pipeline for C:/Users/Dell/Downloads/mva_project/test_video.mp4 (type=local)
2025-12-12 19:31:24,239 - INFO - Step 1/6: Fetching video...
2025-12-12 19:31:24,241 - INFO - Video acquired: C:\Users\Dell\Downloads\mva_project\test_video.mp4
2025-12-12 19:31:24,298 - INFO - Step 2/6: Detecting scene changes and interactions...
2025-12-12 19:32:00,377 - WARNING - No scene changes detected. Using lower threshold.
2025-12-12 19:32:35,147 - INFO - Detected 0 scene changes
2025-12-12 19:32:35,147 - INFO - Step 3/6: Transcribing audio...
2025-12-12 19:32:45,567 - WARNING - No audio segments transcribed
2025-12-12 19:32:45,567 - INFO - Transcribed 0 audio segments
2025-12-12 19:32:45,568 - INFO - Step 4/6: Generating subtitles...
2025-12-12 19:32:45,570 - INFO - Step 5/6: Burning captions into video...
2025-12-12 19:32:45,581 - ERROR - Pipeline failed: [WinError 2] The system cannot find the file specified
2025-12-12 20:00:20,811 - INFO - Starting pipeline for https://www.youtube.com/watch?v=3WrZMzqpFTc (type=http)
2025-12-12 20:00:20,835 - INFO - Step 1/6: Fetching video...
2025-12-12 20:00:20,835 - INFO - Auto-detected YouTube URL
2025-12-12 20:00:21,062 - ERROR - Pipeline failed: HTTP Error 400: Bad Request
2025-12-12 20:00:27,910 - INFO - Starting pipeline for https://www.youtube.com/watch?v=3WrZMzqpFTc (type=youtube)
2025-12-12 20:00:27,911 - INFO - Step 1/6: Fetching video...
2025-12-12 20:00:27,911 - INFO - Auto-detected YouTube URL
2025-12-12 20:00:28,065 - ERROR - Pipeline failed: HTTP Error 400: Bad Request
2025-12-12 20:00:44,832 - INFO - Starting pipeline for https://www.youtube.com/watch?v=3WrZMzqpFTc (type=youtube)
2025-12-12 20:00:44,832 - INFO - Step 1/6: Fetching video...
2025-12-12 20:00:44,832 - INFO - Auto-detected YouTube URL
2025-12-12 20:00:44,969 - ERROR - Pipeline failed: HTTP Error 400: Bad Request
2025-12-12 20:01:01,650 - INFO - Starting pipeline for https://www.youtube.com/watch?v=3WrZMzqpFTc (type=local)
2025-12-12 20:01:01,652 - INFO - Step 1/6: Fetching video...
2025-12-12 20:01:01,653 - INFO - Auto-detected YouTube URL
2025-12-12 20:01:01,792 - ERROR - Pipeline failed: HTTP Error 400: Bad Request
2025-12-12 20:01:10,143 - INFO - Starting pipeline for C:/Users/Dell/Downloads/mva_project/test_video.mp4 (type=local)
2025-12-12 20:01:10,144 - INFO - Step 1/6: Fetching video...
2025-12-12 20:01:10,146 - INFO - Video acquired: C:\Users\Dell\Downloads\mva_project\test_video.mp4
2025-12-12 20:01:10,391 - INFO - Step 2/6: Detecting scene changes and interactions...
2025-12-12 20:01:29,099 - WARNING - No scene changes detected. Using lower threshold.
2025-12-12 20:01:46,874 - INFO - Detected 0 scene changes
2025-12-12 20:01:46,874 - INFO - Step 3/6: Transcribing audio...
2025-12-12 20:04:57,665 - WARNING - No audio segments transcribed
2025-12-12 20:04:57,668 - INFO - Transcribed 0 audio segments
2025-12-12 20:04:57,668 - INFO - Step 4/6: Generating subtitles...
2025-12-12 20:04:57,687 - INFO - Step 5/6: Burning captions into video...
2025-12-12 20:04:57,705 - ERROR - Pipeline failed: [WinError 2] The system cannot find the file specified
2025-12-12 20:05:20,643 - INFO - Starting pipeline for C:/Users/Dell/Downloads/mva_project/videoplayback.mp4 (type=local)
2025-12-12 20:05:20,643 - INFO - Step 1/6: Fetching video...
2025-12-12 20:05:20,651 - INFO - Video acquired: C:\Users\Dell\Downloads\mva_project\videoplayback.mp4
2025-12-12 20:05:20,789 - INFO - Step 2/6: Detecting scene changes and interactions...
2025-12-12 20:07:33,686 - INFO - Detected 11 scene changes
2025-12-12 20:07:33,686 - INFO - Step 3/6: Transcribing audio...
2025-12-12 20:08:23,734 - WARNING - No audio segments transcribed
2025-12-12 20:08:23,737 - INFO - Transcribed 0 audio segments
2025-12-12 20:08:23,738 - INFO - Step 4/6: Generating subtitles...
2025-12-12 20:08:23,759 - INFO - Step 5/6: Burning captions into video...
2025-12-12 20:08:23,793 - ERROR - Pipeline failed: [WinError 2] The system cannot find the file specified
2025-12-12 20:12:37,210 - INFO - Starting pipeline for C:/Users/Dell/Downloads/mva_project/videoplayback.mp4 (type=local)
2025-12-12 20:12:37,211 - INFO - Step 1/6: Fetching video...
2025-12-12 20:12:37,214 - INFO - Video acquired: C:\Users\Dell\Downloads\mva_project\videoplayback.mp4
2025-12-12 20:12:37,428 - INFO - Step 2/6: Detecting scene changes and interactions...
2025-12-12 20:14:44,701 - INFO - Detected 12 scene changes
2025-12-12 20:14:44,701 - INFO - Step 3/6: Transcribing audio...
2025-12-12 20:14:50,066 - WARNING - No audio segments transcribed
2025-12-12 20:14:50,067 - INFO - Transcribed 0 audio segments
2025-12-12 20:14:50,067 - INFO - Step 4/6: Generating subtitles...
2025-12-12 20:14:50,068 - INFO - Step 5/6: Burning captions into video...
2025-12-12 20:14:50,081 - INFO - Step 6/6: Generating detailed report...
2025-12-12 20:14:50,376 - INFO - Pipeline completed successfully!
2025-12-12 20:14:50,376 - INFO - Outputs:
2025-12-12 20:14:50,376 - INFO -  - Captioned video: data\captioned\videoplayback_captioned.mp4
2025-12-12 20:14:50,376 - INFO -  - Detailed report: data\reports\videoplayback_report.docx
2025-12-12 20:21:12,292 - INFO - Starting pipeline for C:/Users/Dell/Downloads/mva_project/videoplayback.mp4 (type=local)
2025-12-12 20:21:12,293 - INFO - Step 1/6: Fetching video...
2025-12-12 20:21:12,295 - INFO - Video acquired: C:\Users\Dell\Downloads\mva_project\videoplayback.mp4
2025-12-12 20:21:12,305 - INFO - Step 2/6: Detecting scene changes and interactions...
2025-12-12 20:23:19,974 - INFO - Detected 12 scene changes
2025-12-12 20:23:19,975 - INFO - Step 3/6: Transcribing audio...
2025-12-12 20:23:25,249 - WARNING - No audio segments transcribed
2025-12-12 20:23:25,250 - INFO - Transcribed 0 audio segments
2025-12-12 20:23:25,250 - INFO - Step 4/6: Generating subtitles...
2025-12-12 20:23:25,253 - INFO - Step 5/6: Burning captions into video...
2025-12-12 20:23:25,265 - INFO - Step 6/6: Generating detailed report...
2025-12-12 20:23:25,472 - ERROR - Pipeline failed: [Errno 13] Permission denied: 'data\\reports\\videoplayback_report.docx'
2025-12-12 20:23:42,903 - INFO - Starting pipeline for C:/Users/Dell/Downloads/mva_project/videoplayback.mp4 (type=local)
2025-12-12 20:23:42,904 - INFO - Step 1/6: Fetching video...
2025-12-12 20:23:42,924 - INFO - Video acquired: C:\Users\Dell\Downloads\mva_project\videoplayback.mp4
2025-12-12 20:23:42,934 - INFO - Step 2/6: Detecting scene changes and interactions...
2025-12-12 20:25:48,387 - INFO - Detected 12 scene changes
2025-12-12 20:25:48,387 - INFO - Step 3/6: Transcribing audio...
2025-12-12 20:25:52,153 - WARNING - No audio segments transcribed
2025-12-12 20:25:52,154 - INFO - Transcribed 0 audio segments
2025-12-12 20:25:52,154 - INFO - Step 4/6: Generating subtitles...
2025-12-12 20:25:52,155 - INFO - Step 5/6: Burning captions into video...
2025-12-12 20:25:52,165 - INFO - Step 6/6: Generating detailed report...
2025-12-12 20:25:52,388 - INFO - Pipeline completed successfully!
2025-12-12 20:25:52,388 - INFO - Outputs:
2025-12-12 20:25:52,389 - INFO -  - Captioned video: data\captioned\videoplayback_captioned.mp4
2025-12-12 20:25:52,389 - INFO -  - Detailed report: data\reports\videoplayback_report.docx
2025-12-12 20:35:37,560 - INFO - Starting pipeline for C:/Users/Dell/Downloads/mva_project/The ABC Song  CoComelon Nursery Rhymes & Kids Songs - Cocomelon - Nursery Rhymes (360p, h264).mp4 (type=local)
2025-12-12 20:35:37,561 - INFO - Step 1/6: Fetching video...
2025-12-12 20:35:37,564 - INFO - Video acquired: C:\Users\Dell\Downloads\mva_project\The ABC Song  CoComelon Nursery Rhymes & Kids Songs - Cocomelon - Nursery Rhymes (360p, h264).mp4
2025-12-12 20:35:37,596 - INFO - Step 2/6: Detecting scene changes and interactions...
2025-12-12 20:39:41,610 - INFO - Detected 99 scene changes
2025-12-12 20:39:41,610 - INFO - Step 3/6: Transcribing audio...
2025-12-12 20:39:49,041 - WARNING - No audio segments transcribed
2025-12-12 20:39:49,041 - INFO - Transcribed 0 audio segments
2025-12-12 20:39:49,042 - INFO - Step 4/6: Generating subtitles...
2025-12-12 20:39:49,045 - INFO - Step 5/6: Burning captions into video...
2025-12-12 20:39:49,066 - INFO - Step 6/6: Generating detailed report...
2025-12-12 20:39:50,881 - INFO - Pipeline completed successfully!
2025-12-12 20:39:50,881 - INFO - Outputs:
2025-12-12 20:39:50,881 - INFO -  - Captioned video: data\captioned\The ABC Song  CoComelon Nursery Rhymes & Kids Songs - Cocomelon - Nursery Rhymes (360p, h264)_captioned.mp4
2025-12-12 20:39:50,881 - INFO -  - Detailed report: data\reports\The ABC Song  CoComelon Nursery Rhymes & Kids Songs - Cocomelon - Nursery Rhymes (360p, h264)_report.docx
2025-12-12 20:43:50,070 - INFO - Starting pipeline for https://www.youtube.com/shorts/sjKcLEVhNfc?feature=share (type=youtube)
2025-12-12 20:43:50,071 - INFO - Step 1/6: Fetching video...
2025-12-12 20:43:50,071 - INFO - Auto-detected YouTube URL
2025-12-12 20:43:50,481 - ERROR - Pipeline failed: HTTP Error 400: Bad Request
2025-12-12 20:45:30,048 - INFO - Starting pipeline for https://www.youtube.com/watch?v=jNQXAC9IVRw (type=youtube)
2025-12-12 20:45:30,048 - INFO - Step 1/6: Fetching video...
2025-12-12 20:45:30,048 - INFO - Auto-detected YouTube URL
2025-12-12 20:45:30,176 - ERROR - Pipeline failed: HTTP Error 400: Bad Request
2025-12-12 20:45:37,885 - INFO - Starting pipeline for http://www.youtube.com/watch?v=jNQXAC9IVRw (type=youtube)
2025-12-12 20:45:37,887 - INFO - Step 1/6: Fetching video...
2025-12-12 20:45:37,887 - INFO - Auto-detected YouTube URL
2025-12-12 20:45:38,045 - ERROR - Pipeline failed: HTTP Error 400: Bad Request
2025-12-12 20:45:43,778 - INFO - Starting pipeline for http://www.youtube.com/watch?v=jNQXAC9IVRw (type=http)
2025-12-12 20:45:43,779 - INFO - Step 1/6: Fetching video...
2025-12-12 20:45:43,780 - INFO - Auto-detected YouTube URL
2025-12-12 20:45:43,936 - ERROR - Pipeline failed: HTTP Error 400: Bad Request
2025-12-12 20:49:07,022 - INFO - Starting pipeline for https://www.youtube.com/watch?v=jNQXAC9IVRw (type=youtube)
2025-12-12 20:49:07,024 - INFO - Step 1/6: Fetching video...
2025-12-12 20:49:07,024 - INFO - Auto-detected YouTube URL
2025-12-12 20:49:11,189 - INFO - Video acquired: data\videos\jNQXAC9IVRw.mp4
2025-12-12 20:49:11,264 - INFO - Step 2/6: Detecting scene changes and interactions...
2025-12-12 20:49:14,676 - INFO - Detected 16 scene changes
2025-12-12 20:49:14,676 - INFO - Step 3/6: Transcribing audio...
2025-12-12 20:49:20,424 - WARNING - No audio segments transcribed
2025-12-12 20:49:20,426 - INFO - Transcribed 0 audio segments
2025-12-12 20:49:20,426 - INFO - Step 4/6: Generating subtitles...
2025-12-12 20:49:20,428 - INFO - Step 5/6: Burning captions into video...
2025-12-12 20:49:20,440 - INFO - Step 6/6: Generating detailed report...
2025-12-12 20:49:20,786 - INFO - Pipeline completed successfully!
2025-12-12 20:49:20,786 - INFO - Outputs:
2025-12-12 20:49:20,787 - INFO -  - Captioned video: data\captioned\jNQXAC9IVRw_captioned.mp4
2025-12-12 20:49:20,787 - INFO -  - Detailed report: data\reports\jNQXAC9IVRw_report.docx
2025-12-12 20:52:05,796 - INFO - Starting pipeline for https://youtu.be/3WrZMzqpFTc (type=youtube)
2025-12-12 20:52:05,797 - INFO - Step 1/6: Fetching video...
2025-12-12 20:52:05,798 - INFO - Auto-detected YouTube URL
2025-12-12 20:52:14,604 - INFO - Video acquired: data\videos\3WrZMzqpFTc.mp4
2025-12-12 20:52:14,650 - INFO - Step 2/6: Detecting scene changes and interactions...
2025-12-12 21:16:39,713 - INFO - Detected 12 scene changes
2025-12-12 21:16:39,714 - INFO - Step 3/6: Transcribing audio...
2025-12-12 21:16:53,162 - WARNING - No audio segments transcribed
2025-12-12 21:16:53,162 - INFO - Transcribed 0 audio segments
2025-12-12 21:16:53,162 - INFO - Step 4/6: Generating subtitles...
2025-12-12 21:16:53,176 - INFO - Step 5/6: Burning captions into video...
2025-12-12 21:16:53,206 - INFO - Step 6/6: Generating detailed report...
2025-12-12 21:16:53,808 - INFO - Pipeline completed successfully!
2025-12-12 21:16:53,809 - INFO - Outputs:
2025-12-12 21:16:53,809 - INFO -  - Captioned video: data\captioned\3WrZMzqpFTc_captioned.mp4
2025-12-12 21:16:53,809 - INFO -  - Detailed report: data\reports\3WrZMzqpFTc_report.docx
2025-12-12 21:22:10,174 - INFO - Starting pipeline for https://youtu.be/3WrZMzqpFTc (type=youtube)
2025-12-12 21:22:10,175 - INFO - Step 1/6: Fetching video...
2025-12-12 21:22:10,176 - INFO - Auto-detected YouTube URL
2025-12-12 21:22:16,876 - INFO - Video acquired: data\videos\3WrZMzqpFTc.mp4
2025-12-12 21:22:16,943 - INFO - Step 2/6: Detecting scene changes and interactions...
2025-12-12 21:42:30,641 - WARNING - No scene changes detected. Using lower threshold.
2025-12-12 22:04:28,693 - INFO - Detected 12 scene changes
2025-12-12 22:04:28,694 - INFO - Step 3/6: Transcribing audio...
2025-12-12 22:04:37,681 - WARNING - No audio segments transcribed
2025-12-12 22:04:37,682 - INFO - Transcribed 0 audio segments
2025-12-12 22:04:37,682 - INFO - Step 4/6: Generating subtitles...
2025-12-12 22:04:37,697 - INFO - Step 5/6: Burning captions into video...
2025-12-12 22:04:37,758 - INFO - Step 6/6: Generating detailed report...
2025-12-12 22:04:38,748 - INFO - Pipeline completed successfully!
2025-12-12 22:04:38,749 - INFO - Outputs:
2025-12-12 22:04:38,749 - INFO -  - Captioned video: data\captioned\3WrZMzqpFTc_captioned.mp4
2025-12-12 22:04:38,750 - INFO -  - Detailed report: data\reports\3WrZMzqpFTc_report.docx
2025-12-15 18:58:12,868 - INFO - Starting pipeline for https://youtu.be/TIUC9mQQQYY (type=youtube)
2025-12-15 18:58:12,870 - INFO - Step 1/6: Fetching video...
2025-12-15 18:58:12,870 - INFO - Auto-detected YouTube URL
2025-12-15 18:58:37,251 - INFO - Video acquired: data\videos\TIUC9mQQQYY.mp4
2025-12-15 18:58:37,650 - INFO - Step 2/6: Detecting scene changes and interactions...
2025-12-15 19:10:30,355 - INFO - Detected 19 scene changes
2025-12-15 19:10:30,355 - INFO - Step 3/6: Transcribing audio...
2025-12-15 19:11:02,444 - INFO - Transcribed 14 audio segments
2025-12-15 19:11:02,444 - INFO - Step 4/6: Generating subtitles...
2025-12-15 19:11:02,446 - INFO - Step 5/6: Burning captions into video...
2025-12-15 19:11:02,617 - ERROR - Pipeline failed: Command '['ffmpeg', '-y', '-i', 'data\\videos\\TIUC9mQQQYY.mp4', '-vf', 'subtitles=data\\transcripts\\TIUC9mQQQYY.srt', '-c:a', 'copy', 'data\\captioned\\TIUC9mQQQYY_captioned.mp4']' returned non-zero exit status 4294967294.
2025-12-15 19:12:47,410 - INFO - Starting pipeline for C:/Users/Dell/Downloads/videoplayback (1).mp4 (type=local)
2025-12-15 19:12:47,411 - INFO - Step 1/6: Fetching video...
2025-12-15 19:12:47,415 - INFO - Video acquired: C:\Users\Dell\Downloads\videoplayback (1).mp4
2025-12-15 19:12:47,559 - INFO - Step 2/6: Detecting scene changes and interactions...
2025-12-15 19:14:02,290 - INFO - Detected 25 scene changes
2025-12-15 19:14:02,290 - INFO - Step 3/6: Transcribing audio...
2025-12-15 19:14:33,371 - INFO - Transcribed 15 audio segments
2025-12-15 19:14:33,371 - INFO - Step 4/6: Generating subtitles...
2025-12-15 19:14:33,372 - INFO - Step 5/6: Burning captions into video...
2025-12-15 19:14:39,130 - INFO - Step 6/6: Generating detailed report...
2025-12-15 19:14:39,574 - INFO - Pipeline completed successfully!
2025-12-15 19:14:39,574 - INFO - Outputs:
2025-12-15 19:14:39,574 - INFO -  - Captioned video: data\captioned\videoplayback (1)_captioned.mp4
2025-12-15 19:14:39,574 - INFO -  - Detailed report: data\reports\videoplayback (1)_report.docx
